e:\debug\iocp-socurecode\完成端口实例代码\iocpexample_by_piggyxp\piggyiocpserver_2008\piggyiocpserver\debug\piggyiocpserver.pch
e:\debug\iocp-socurecode\完成端口实例代码\iocpexample_by_piggyxp\piggyiocpserver_2008\piggyiocpserver\debug\vc140.pdb
e:\debug\iocp-socurecode\完成端口实例代码\iocpexample_by_piggyxp\piggyiocpserver_2008\piggyiocpserver\debug\vc140.idb
e:\debug\iocp-socurecode\完成端口实例代码\iocpexample_by_piggyxp\piggyiocpserver_2008\piggyiocpserver\debug\stdafx.obj
e:\debug\iocp-socurecode\完成端口实例代码\iocpexample_by_piggyxp\piggyiocpserver_2008\piggyiocpserver\debug\iocpmodel.obj
e:\debug\iocp-socurecode\完成端口实例代码\iocpexample_by_piggyxp\piggyiocpserver_2008\piggyiocpserver\debug\maindlg.obj
e:\debug\iocp-socurecode\完成端口实例代码\iocpexample_by_piggyxp\piggyiocpserver_2008\piggyiocpserver\debug\piggyiocpserver.obj
e:\debug\iocp-socurecode\winiocp\iocpexample_by_piggyxp\piggyiocpserver_2008\piggyiocpserver\debug\piggyiocpserver.pch
e:\debug\iocp-socurecode\winiocp\iocpexample_by_piggyxp\piggyiocpserver_2008\piggyiocpserver\debug\vc140.pdb
e:\debug\iocp-socurecode\winiocp\iocpexample_by_piggyxp\piggyiocpserver_2008\piggyiocpserver\debug\vc140.idb
e:\debug\iocp-socurecode\winiocp\iocpexample_by_piggyxp\piggyiocpserver_2008\piggyiocpserver\debug\stdafx.obj
e:\debug\iocp-socurecode\winiocp\iocpexample_by_piggyxp\piggyiocpserver_2008\piggyiocpserver\debug\iocpmodel.obj
e:\debug\iocp-socurecode\winiocp\iocpexample_by_piggyxp\piggyiocpserver_2008\piggyiocpserver\debug\maindlg.obj
e:\debug\iocp-socurecode\winiocp\iocpexample_by_piggyxp\piggyiocpserver_2008\piggyiocpserver\debug\piggyiocpserver.obj
e:\debug\iocp-socurecode\完成端口实例代码\iocpexample_by_piggyxp\piggyiocpserver_2008\debug\piggyiocpserver.ilk
e:\debug\iocp-socurecode\完成端口实例代码\iocpexample_by_piggyxp\piggyiocpserver_2008\debug\piggyiocpserver.exe
e:\debug\iocp-socurecode\完成端口实例代码\iocpexample_by_piggyxp\piggyiocpserver_2008\debug\piggyiocpserver.pdb
e:\debug\iocp-socurecode\完成端口实例代码\iocpexample_by_piggyxp\piggyiocpserver_2008\piggyiocpserver\debug\piggyiocpserver.ilk
e:\debug\iocp-socurecode\完成端口实例代码\iocpexample_by_piggyxp\piggyiocpserver_2008\piggyiocpserver\debug\piggyiocpserver.exe
e:\debug\iocp-socurecode\完成端口实例代码\iocpexample_by_piggyxp\piggyiocpserver_2008\piggyiocpserver\debug\piggyiocpserver.pdb
e:\debug\iocp-socurecode\winiocp\iocpexample_by_piggyxp\piggyiocpserver_2008\piggyiocpserver\debug\piggyiocpserver.ilk
e:\debug\iocp-socurecode\winiocp\iocpexample_by_piggyxp\piggyiocpserver_2008\piggyiocpserver\debug\piggyiocpserver.exe
e:\debug\iocp-socurecode\winiocp\iocpexample_by_piggyxp\piggyiocpserver_2008\piggyiocpserver\debug\piggyiocpserver.pdb
e:\debug\iocp-socurecode\完成端口实例代码\iocpexample_by_piggyxp\piggyiocpserver_2008\piggyiocpserver\debug\piggyiocpserver.res
e:\debug\iocp-socurecode\winiocp\iocpexample_by_piggyxp\piggyiocpserver_2008\piggyiocpserver\debug\piggyiocpserver.res
e:\debug\iocp-socurecode\winiocp\iocpexample_by_piggyxp\piggyiocpserver_2008\piggyiocpserver\debug\piggyiocpserver.tlog\cl.command.1.tlog
e:\debug\iocp-socurecode\winiocp\iocpexample_by_piggyxp\piggyiocpserver_2008\piggyiocpserver\debug\piggyiocpserver.tlog\cl.read.1.tlog
e:\debug\iocp-socurecode\winiocp\iocpexample_by_piggyxp\piggyiocpserver_2008\piggyiocpserver\debug\piggyiocpserver.tlog\cl.write.1.tlog
e:\debug\iocp-socurecode\winiocp\iocpexample_by_piggyxp\piggyiocpserver_2008\piggyiocpserver\debug\piggyiocpserver.tlog\link.command.1.tlog
e:\debug\iocp-socurecode\winiocp\iocpexample_by_piggyxp\piggyiocpserver_2008\piggyiocpserver\debug\piggyiocpserver.tlog\link.read.1.tlog
e:\debug\iocp-socurecode\winiocp\iocpexample_by_piggyxp\piggyiocpserver_2008\piggyiocpserver\debug\piggyiocpserver.tlog\link.write.1.tlog
e:\debug\iocp-socurecode\winiocp\iocpexample_by_piggyxp\piggyiocpserver_2008\piggyiocpserver\debug\piggyiocpserver.tlog\rc.command.1.tlog
e:\debug\iocp-socurecode\winiocp\iocpexample_by_piggyxp\piggyiocpserver_2008\piggyiocpserver\debug\piggyiocpserver.tlog\rc.read.1.tlog
e:\debug\iocp-socurecode\winiocp\iocpexample_by_piggyxp\piggyiocpserver_2008\piggyiocpserver\debug\piggyiocpserver.tlog\rc.write.1.tlog
