  stdafx.cpp
D:\Program Files (x86)\Microsoft Visual Studio 14.0\VC\atlmfc\include\afx.h(38): warning C4996: 'MBCS_Support_Deprecated_In_MFC': MBCS support in MFC is deprecated and may be removed in a future version of MFC.
  D:\Program Files (x86)\Microsoft Visual Studio 14.0\VC\atlmfc\include\afx.h(33): note: 参见“MBCS_Support_Deprecated_In_MFC”的声明
  IOCPModel.cpp
IOCPModel.cpp(75): warning C4311: “类型转换”: 从“PER_SOCKET_CONTEXT *”到“DWORD”的指针截断
IOCPModel.cpp(75): warning C4302: “类型转换”: 从“PER_SOCKET_CONTEXT *”到“DWORD”截断
IOCPModel.cpp(101): warning C4996: 'inet_ntoa': Use inet_ntop() or InetNtop() instead or define _WINSOCK_DEPRECATED_NO_WARNINGS to disable deprecated API warnings
  C:\Program Files (x86)\Windows Kits\8.1\Include\um\winsock2.h(1868): note: 参见“inet_ntoa”的声明
IOCPModel.cpp(315): warning C4311: “类型转换”: 从“PER_SOCKET_CONTEXT *”到“DWORD”的指针截断
IOCPModel.cpp(315): warning C4302: “类型转换”: 从“PER_SOCKET_CONTEXT *”到“DWORD”截断
IOCPModel.cpp(303): warning C4996: 'WSASocketA': Use WSASocketW() instead or define _WINSOCK_DEPRECATED_NO_WARNINGS to disable deprecated API warnings
  C:\Program Files (x86)\Windows Kits\8.1\Include\um\winsock2.h(3457): note: 参见“WSASocketA”的声明
IOCPModel.cpp(331): warning C4996: 'inet_addr': Use inet_pton() or InetPton() instead or define _WINSOCK_DEPRECATED_NO_WARNINGS to disable deprecated API warnings
  C:\Program Files (x86)\Windows Kits\8.1\Include\um\winsock2.h(1850): note: 参见“inet_addr”的声明
IOCPModel.cpp(460): warning C4996: 'WSASocketA': Use WSASocketW() instead or define _WINSOCK_DEPRECATED_NO_WARNINGS to disable deprecated API warnings
  C:\Program Files (x86)\Windows Kits\8.1\Include\um\winsock2.h(3457): note: 参见“WSASocketA”的声明
IOCPModel.cpp(502): warning C4996: 'inet_ntoa': Use inet_ntop() or InetNtop() instead or define _WINSOCK_DEPRECATED_NO_WARNINGS to disable deprecated API warnings
  C:\Program Files (x86)\Windows Kits\8.1\Include\um\winsock2.h(1868): note: 参见“inet_ntoa”的声明
IOCPModel.cpp(503): warning C4996: 'inet_ntoa': Use inet_ntop() or InetNtop() instead or define _WINSOCK_DEPRECATED_NO_WARNINGS to disable deprecated API warnings
  C:\Program Files (x86)\Windows Kits\8.1\Include\um\winsock2.h(1868): note: 参见“inet_ntoa”的声明
IOCPModel.cpp(578): warning C4996: 'inet_ntoa': Use inet_ntop() or InetNtop() instead or define _WINSOCK_DEPRECATED_NO_WARNINGS to disable deprecated API warnings
  C:\Program Files (x86)\Windows Kits\8.1\Include\um\winsock2.h(1868): note: 参见“inet_ntoa”的声明
IOCPModel.cpp(613): warning C4311: “类型转换”: 从“PER_SOCKET_CONTEXT *”到“DWORD”的指针截断
IOCPModel.cpp(613): warning C4302: “类型转换”: 从“PER_SOCKET_CONTEXT *”到“DWORD”截断
IOCPModel.cpp(697): warning C4996: 'gethostbyname': Use getaddrinfo() or GetAddrInfoW() instead or define _WINSOCK_DEPRECATED_NO_WARNINGS to disable deprecated API warnings
  C:\Program Files (x86)\Windows Kits\8.1\Include\um\winsock2.h(2238): note: 参见“gethostbyname”的声明
IOCPModel.cpp(709): warning C4996: 'inet_ntoa': Use inet_ntop() or InetNtop() instead or define _WINSOCK_DEPRECATED_NO_WARNINGS to disable deprecated API warnings
  C:\Program Files (x86)\Windows Kits\8.1\Include\um\winsock2.h(1868): note: 参见“inet_ntoa”的声明
  MainDlg.cpp
  PiggyIOCPServer.cpp
  正在生成代码...
  Microsoft (R) Incremental Linker Version 14.00.24215.1
  Copyright (C) Microsoft Corporation.  All rights reserved.
  
  "/OUT:E:\DEBUG\IOCP-Socurecode\WinIOCP\IOCPExample_By_PiggyXP\PiggyIOCPServer_2008\PiggyIOCPServer\x64\Debug\PiggyIOCPServer.exe" /MANIFEST "/MANIFESTUAC:level='asInvoker' uiAccess='false'" /manifest:embed /manifestinput:XPStyle.manifest "/manifestinput:D:\Program Files (x86)\Microsoft Visual Studio 14.0\VC\Include\Manifest\dpiaware.manifest" /DEBUG "/PDB:E:\DEBUG\IOCP-Socurecode\WinIOCP\IOCPExample_By_PiggyXP\PiggyIOCPServer_2008\PiggyIOCPServer\x64\Debug\PiggyIOCPServer.pdb" /SUBSYSTEM:WINDOWS /TLBID:1 /DYNAMICBASE /NXCOMPAT "/IMPLIB:E:\DEBUG\IOCP-Socurecode\WinIOCP\IOCPExample_By_PiggyXP\PiggyIOCPServer_2008\PiggyIOCPServer\x64\Debug\PiggyIOCPServer.lib" /MACHINE:X64 x64\Debug\PiggyIOCPServer.res 
  x64\Debug\IOCPModel.obj 
  x64\Debug\MainDlg.obj 
  x64\Debug\PiggyIOCPServer.obj 
  x64\Debug\stdafx.obj 
  PiggyIOCPServer.vcxproj -> E:\DEBUG\IOCP-Socurecode\WinIOCP\IOCPExample_By_PiggyXP\PiggyIOCPServer_2008\PiggyIOCPServer\x64\Debug\PiggyIOCPServer.exe
  PiggyIOCPServer.vcxproj -> E:\DEBUG\IOCP-Socurecode\WinIOCP\IOCPExample_By_PiggyXP\PiggyIOCPServer_2008\PiggyIOCPServer\x64\Debug\PiggyIOCPServer.pdb (Full PDB)
